{"C:\\Users\\jp3_4\\Desktop\\my repos\\Microverse program\\module-2\\week 5\\home-page A\\pokeapp\\src\\modules\\pokemonCounter.js": {"path":"C:\\Users\\jp3_4\\Desktop\\my repos\\Microverse program\\module-2\\week 5\\home-page A\\pokeapp\\src\\modules\\pokemonCounter.js","statementMap":{"0":{"start":{"line":2,"column":22},"end":{"line":2,"column":67}},"1":{"start":{"line":3,"column":26},"end":{"line":3,"column":60}},"2":{"start":{"line":4,"column":4},"end":{"line":4,"column":56}}},"fnMap":{"0":{"name":"AllPokesCounter","decl":{"start":{"line":1,"column":9},"end":{"line":1,"column":24}},"loc":{"start":{"line":1,"column":27},"end":{"line":5,"column":1}},"line":1}},"branchMap":{},"s":{"0":1,"1":1,"2":1},"f":{"0":1},"b":{},"_coverageSchema":"1a1c01bbd47fc00a2c39e90264f33305004495a9","hash":"1616afedbcfea431802d843b08c87ed280fcbe2a"}
}
